<?xml version="1.0" encoding="UTF-8"?>
<!-- Generated by org.testng.reporters.JUnitXMLReporter -->
<testsuite hostname="DESKTOP-IU9I2LU" ignored="0" name="Test" tests="3" failures="0" timestamp="2021-05-04T15:04:53 IST" time="0.042" errors="0">
  <testcase name="RESTAPITests" time="0.004" classname="Maven.Project.RESTAPITest"/>
  <testcase name="SeleniumTests" time="0.0" classname="Maven.Project.SeleniumTest"/>
  <testcase name="AppiumTests" time="0.0" classname="Maven.Project.AppiumTest"/>
</testsuite> <!-- Test -->
